<?xml version="1.0" encoding="UTF-8"?>
<testsuite xmlns:xsi="http://www.w3.org/2001/XMLSchema-instance" xsi:noNamespaceSchemaLocation="https://maven.apache.org/surefire/maven-surefire-plugin/xsd/surefire-test-report.xsd" version="3.0.2" name="com.tekerasoft.arzuamber.ArzuamberApplicationTests" time="2.873" tests="1" errors="0" skipped="0" failures="0">
  <properties>
[...]
</properties>
  <testcase name="contextLoads" classname="com.tekerasoft.arzuamber.ArzuamberApplicationTests" time="0.23">
    <system-out><![CDATA[16:48:55.757 [main] INFO org.springframework.test.context.support.AnnotationConfigContextLoaderUtils -- Could not detect default configuration classes for test class [com.tekerasoft.arzuamber.ArzuamberApplicationTests]: ArzuamberApplicationTests does not declare any static, non-private, non-final, nested classes annotated with @Configuration.
16:48:55.796 [main] INFO org.springframework.boot.test.context.SpringBootTestContextBootstrapper -- Found @SpringBootConfiguration com.tekerasoft.arzuamber.ArzuamberApplication for test class com.tekerasoft.arzuamber.ArzuamberApplicationTests

  .   ____          _            __ _ _
 /\\ / ___'_ __ _ _(_)_ __  __ _ \ \ \ \
( ( )\___ | '_ | '_| | '_ \/ _` | \ \ \ \
 \\/  ___)| |_)| | | | | || (_| |  ) ) ) )
  '  |____| .__|_| |_|_| |_\__, | / / / /
 =========|_|==============|___/=/_/_/_/

 :: Spring Boot ::                (v3.4.2)

2025-02-16T16:48:55.945+03:00  INFO 17214 --- [arzuamber] [           main] c.t.arzuamber.ArzuamberApplicationTests  : Starting ArzuamberApplicationTests using Java 17.0.9 with PID 17214 (started by bayramalidurak in /Users/bayramalidurak/Desktop/arzuamber/api)
2025-02-16T16:48:55.945+03:00  INFO 17214 --- [arzuamber] [           main] c.t.arzuamber.ArzuamberApplicationTests  : No active profile set, falling back to 1 default profile: "default"
2025-02-16T16:48:56.203+03:00  INFO 17214 --- [arzuamber] [           main] .s.d.r.c.RepositoryConfigurationDelegate : Bootstrapping Spring Data JPA repositories in DEFAULT mode.
2025-02-16T16:48:56.225+03:00  INFO 17214 --- [arzuamber] [           main] .s.d.r.c.RepositoryConfigurationDelegate : Finished Spring Data repository scanning in 18 ms. Found 3 JPA repository interfaces.
2025-02-16T16:48:56.419+03:00  INFO 17214 --- [arzuamber] [           main] o.hibernate.jpa.internal.util.LogHelper  : HHH000204: Processing PersistenceUnitInfo [name: default]
2025-02-16T16:48:56.442+03:00  INFO 17214 --- [arzuamber] [           main] org.hibernate.Version                    : HHH000412: Hibernate ORM core version 6.6.5.Final
2025-02-16T16:48:56.455+03:00  INFO 17214 --- [arzuamber] [           main] o.h.c.internal.RegionFactoryInitiator    : HHH000026: Second-level cache disabled
2025-02-16T16:48:56.549+03:00  INFO 17214 --- [arzuamber] [           main] o.s.o.j.p.SpringPersistenceUnitInfo      : No LoadTimeWeaver setup: ignoring JPA class transformer
2025-02-16T16:48:56.559+03:00  INFO 17214 --- [arzuamber] [           main] com.zaxxer.hikari.HikariDataSource       : HikariPool-1 - Starting...
2025-02-16T16:48:56.637+03:00  INFO 17214 --- [arzuamber] [           main] com.zaxxer.hikari.pool.HikariPool        : HikariPool-1 - Added connection org.postgresql.jdbc.PgConnection@43ab9ae9
2025-02-16T16:48:56.642+03:00  INFO 17214 --- [arzuamber] [           main] com.zaxxer.hikari.HikariDataSource       : HikariPool-1 - Start completed.
2025-02-16T16:48:56.659+03:00  WARN 17214 --- [arzuamber] [           main] org.hibernate.orm.deprecation            : HHH90000025: PostgreSQLDialect does not need to be specified explicitly using 'hibernate.dialect' (remove the property setting and it will be selected by default)
2025-02-16T16:48:56.667+03:00  INFO 17214 --- [arzuamber] [           main] org.hibernate.orm.connections.pooling    : HHH10001005: Database info:
	Database JDBC URL [Connecting through datasource 'HikariDataSource (HikariPool-1)']
	Database driver: undefined/unknown
	Database version: 17.3
	Autocommit mode: undefined/unknown
	Isolation level: undefined/unknown
	Minimum pool size: undefined/unknown
	Maximum pool size: undefined/unknown
2025-02-16T16:48:57.001+03:00  INFO 17214 --- [arzuamber] [           main] o.h.e.t.j.p.i.JtaPlatformInitiator       : HHH000489: No JTA platform available (set 'hibernate.transaction.jta.platform' to enable JTA platform integration)
2025-02-16T16:48:57.185+03:00  INFO 17214 --- [arzuamber] [           main] j.LocalContainerEntityManagerFactoryBean : Initialized JPA EntityManagerFactory for persistence unit 'default'
2025-02-16T16:48:57.385+03:00  INFO 17214 --- [arzuamber] [           main] o.s.d.j.r.query.QueryEnhancerFactory     : Hibernate is in classpath; If applicable, HQL parser will be used.
2025-02-16T16:48:58.001+03:00  INFO 17214 --- [arzuamber] [           main] eAuthenticationProviderManagerConfigurer : Global AuthenticationManager configured with AuthenticationProvider bean with name authenticationProvider
2025-02-16T16:48:58.001+03:00  WARN 17214 --- [arzuamber] [           main] r$InitializeUserDetailsManagerConfigurer : Global AuthenticationManager configured with an AuthenticationProvider bean. UserDetailsService beans will not be used by Spring Security for automatically configuring username/password login. Consider removing the AuthenticationProvider bean. Alternatively, consider using the UserDetailsService in a manually instantiated DaoAuthenticationProvider. If the current configuration is intentional, to turn off this warning, increase the logging level of 'org.springframework.security.config.annotation.authentication.configuration.InitializeUserDetailsBeanManagerConfigurer' to ERROR
2025-02-16T16:48:58.016+03:00  WARN 17214 --- [arzuamber] [           main] JpaBaseConfiguration$JpaWebConfiguration : spring.jpa.open-in-view is enabled by default. Therefore, database queries may be performed during view rendering. Explicitly configure spring.jpa.open-in-view to disable this warning
2025-02-16T16:48:58.282+03:00  INFO 17214 --- [arzuamber] [           main] c.t.arzuamber.ArzuamberApplicationTests  : Started ArzuamberApplicationTests in 2.442 seconds (process running for 2.769)
]]></system-out>
  </testcase>
</testsuite>