<?xml version="1.0" encoding="UTF-8"?>
<testsuite xmlns:xsi="http://www.w3.org/2001/XMLSchema-instance" xsi:noNamespaceSchemaLocation="https://maven.apache.org/surefire/maven-surefire-plugin/xsd/surefire-test-report.xsd" version="3.0.2" name="com.tekerasoft.arzuamber.ArzuamberApplicationTests" time="3.431" tests="1" errors="0" skipped="0" failures="0">
  <properties>
[...]
</properties>
  <testcase name="contextLoads" classname="com.tekerasoft.arzuamber.ArzuamberApplicationTests" time="0.276">
    <system-out><![CDATA[18:57:19.845 [main] INFO org.springframework.test.context.support.AnnotationConfigContextLoaderUtils -- Could not detect default configuration classes for test class [com.tekerasoft.arzuamber.ArzuamberApplicationTests]: ArzuamberApplicationTests does not declare any static, non-private, non-final, nested classes annotated with @Configuration.
18:57:19.886 [main] INFO org.springframework.boot.test.context.SpringBootTestContextBootstrapper -- Found @SpringBootConfiguration com.tekerasoft.arzuamber.ArzuamberApplication for test class com.tekerasoft.arzuamber.ArzuamberApplicationTests

  .   ____          _            __ _ _
 /\\ / ___'_ __ _ _(_)_ __  __ _ \ \ \ \
( ( )\___ | '_ | '_| | '_ \/ _` | \ \ \ \
 \\/  ___)| |_)| | | | | || (_| |  ) ) ) )
  '  |____| .__|_| |_|_| |_\__, | / / / /
 =========|_|==============|___/=/_/_/_/

 :: Spring Boot ::                (v3.4.2)

2025-03-14T18:57:20.037+03:00  INFO 18262 --- [arzuamber] [           main] c.t.arzuamber.ArzuamberApplicationTests  : Starting ArzuamberApplicationTests using Java 17.0.9 with PID 18262 (started by bayramalidurak in /Users/bayramalidurak/Desktop/apps/arzuamber/api)
2025-03-14T18:57:20.038+03:00  INFO 18262 --- [arzuamber] [           main] c.t.arzuamber.ArzuamberApplicationTests  : No active profile set, falling back to 1 default profile: "default"
2025-03-14T18:57:20.317+03:00  INFO 18262 --- [arzuamber] [           main] .s.d.r.c.RepositoryConfigurationDelegate : Bootstrapping Spring Data JPA repositories in DEFAULT mode.
2025-03-14T18:57:20.345+03:00  INFO 18262 --- [arzuamber] [           main] .s.d.r.c.RepositoryConfigurationDelegate : Finished Spring Data repository scanning in 24 ms. Found 8 JPA repository interfaces.
2025-03-14T18:57:20.606+03:00  INFO 18262 --- [arzuamber] [           main] com.zaxxer.hikari.HikariDataSource       : HikariPool-1 - Starting...
2025-03-14T18:57:20.691+03:00  INFO 18262 --- [arzuamber] [           main] com.zaxxer.hikari.pool.HikariPool        : HikariPool-1 - Added connection org.postgresql.jdbc.PgConnection@5a3cf824
2025-03-14T18:57:20.692+03:00  INFO 18262 --- [arzuamber] [           main] com.zaxxer.hikari.HikariDataSource       : HikariPool-1 - Start completed.
2025-03-14T18:57:20.703+03:00  INFO 18262 --- [arzuamber] [           main] org.flywaydb.core.FlywayExecutor         : Database: jdbc:postgresql://localhost:5435/arzuamber-db (PostgreSQL 17.4)
2025-03-14T18:57:20.729+03:00  INFO 18262 --- [arzuamber] [           main] o.f.core.internal.command.DbValidate     : Successfully validated 3 migrations (execution time 00:00.012s)
2025-03-14T18:57:20.767+03:00  INFO 18262 --- [arzuamber] [           main] o.f.core.internal.command.DbMigrate      : Current version of schema "public": 3
2025-03-14T18:57:20.768+03:00  INFO 18262 --- [arzuamber] [           main] o.f.core.internal.command.DbMigrate      : Schema "public" is up to date. No migration necessary.
2025-03-14T18:57:20.809+03:00  INFO 18262 --- [arzuamber] [           main] o.hibernate.jpa.internal.util.LogHelper  : HHH000204: Processing PersistenceUnitInfo [name: default]
2025-03-14T18:57:20.828+03:00  INFO 18262 --- [arzuamber] [           main] org.hibernate.Version                    : HHH000412: Hibernate ORM core version 6.6.5.Final
2025-03-14T18:57:20.838+03:00  INFO 18262 --- [arzuamber] [           main] o.h.c.internal.RegionFactoryInitiator    : HHH000026: Second-level cache disabled
2025-03-14T18:57:20.931+03:00  INFO 18262 --- [arzuamber] [           main] o.s.o.j.p.SpringPersistenceUnitInfo      : No LoadTimeWeaver setup: ignoring JPA class transformer
2025-03-14T18:57:20.965+03:00  INFO 18262 --- [arzuamber] [           main] org.hibernate.orm.connections.pooling    : HHH10001005: Database info:
	Database JDBC URL [Connecting through datasource 'HikariDataSource (HikariPool-1)']
	Database driver: undefined/unknown
	Database version: 17.4
	Autocommit mode: undefined/unknown
	Isolation level: undefined/unknown
	Minimum pool size: undefined/unknown
	Maximum pool size: undefined/unknown
2025-03-14T18:57:21.311+03:00  INFO 18262 --- [arzuamber] [           main] o.h.e.t.j.p.i.JtaPlatformInitiator       : HHH000489: No JTA platform available (set 'hibernate.transaction.jta.platform' to enable JTA platform integration)
2025-03-14T18:57:21.312+03:00  INFO 18262 --- [arzuamber] [           main] j.LocalContainerEntityManagerFactoryBean : Initialized JPA EntityManagerFactory for persistence unit 'default'
2025-03-14T18:57:21.514+03:00  INFO 18262 --- [arzuamber] [           main] o.s.d.j.r.query.QueryEnhancerFactory     : Hibernate is in classpath; If applicable, HQL parser will be used.
2025-03-14T18:57:22.457+03:00  INFO 18262 --- [arzuamber] [           main] eAuthenticationProviderManagerConfigurer : Global AuthenticationManager configured with AuthenticationProvider bean with name authenticationProvider
2025-03-14T18:57:22.457+03:00  WARN 18262 --- [arzuamber] [           main] r$InitializeUserDetailsManagerConfigurer : Global AuthenticationManager configured with an AuthenticationProvider bean. UserDetailsService beans will not be used by Spring Security for automatically configuring username/password login. Consider removing the AuthenticationProvider bean. Alternatively, consider using the UserDetailsService in a manually instantiated DaoAuthenticationProvider. If the current configuration is intentional, to turn off this warning, increase the logging level of 'org.springframework.security.config.annotation.authentication.configuration.InitializeUserDetailsBeanManagerConfigurer' to ERROR
2025-03-14T18:57:22.473+03:00  WARN 18262 --- [arzuamber] [           main] JpaBaseConfiguration$JpaWebConfiguration : spring.jpa.open-in-view is enabled by default. Therefore, database queries may be performed during view rendering. Explicitly configure spring.jpa.open-in-view to disable this warning
2025-03-14T18:57:22.872+03:00  INFO 18262 --- [arzuamber] [           main] o.s.m.s.b.SimpleBrokerMessageHandler     : Starting...
2025-03-14T18:57:22.872+03:00  INFO 18262 --- [arzuamber] [           main] o.s.m.s.b.SimpleBrokerMessageHandler     : BrokerAvailabilityEvent[available=true, SimpleBrokerMessageHandler [org.springframework.messaging.simp.broker.DefaultSubscriptionRegistry@770f0e25]]
2025-03-14T18:57:22.873+03:00  INFO 18262 --- [arzuamber] [           main] o.s.m.s.b.SimpleBrokerMessageHandler     : Started.
2025-03-14T18:57:22.876+03:00  INFO 18262 --- [arzuamber] [           main] c.t.arzuamber.ArzuamberApplicationTests  : Started ArzuamberApplicationTests in 2.946 seconds (process running for 3.285)
]]></system-out>
  </testcase>
</testsuite>